<?xml version="1.0" encoding="UTF-8"?>
<!-- Generated by org.testng.reporters.JUnitReportReporter -->
<testsuite skipped="0" hostname="Ravi-PC" name="com.qa.tests.PostAPITest" tests="1" failures="0" timestamp="08 May 2020 14:21:46 GMT" time="4.434" errors="0">
  <testcase name="PostAPITest" time="4.434" classname="com.qa.tests.PostAPITest"/>
</testsuite> <!-- com.qa.tests.PostAPITest -->
