<?xml version="1.0" encoding="UTF-8"?>
<!-- Generated by org.testng.reporters.JUnitReportReporter -->
<testsuite skipped="0" hostname="Ravi-PC" name="com.qa.tests.GetAPITest" tests="2" failures="0" timestamp="07 May 2020 06:21:02 GMT" time="3.178" errors="0">
  <testcase name="getAPITestWithoutHeaders" time="2.636" classname="com.qa.tests.GetAPITest"/>
  <testcase name="getAPITestWithHeaders" time="0.542" classname="com.qa.tests.GetAPITest"/>
</testsuite> <!-- com.qa.tests.GetAPITest -->
